<?xml version="1.0" encoding="UTF-8"?>
<testsuite xmlns:xsi="http://www.w3.org/2001/XMLSchema-instance" xsi:noNamespaceSchemaLocation="https://maven.apache.org/surefire/maven-surefire-plugin/xsd/surefire-test-report-3.0.xsd" version="3.0" name="CcwcTest" time="0.98" tests="6" errors="0" skipped="0" failures="0">
  <properties>
[...]
</properties>
  <testcase name="countBytes_correctCount" classname="CcwcTest" time="0.261"/>
  <testcase name="countLines_correctLineCount" classname="CcwcTest" time="0.016"/>
  <testcase name="countCharacter_correctCharacterCount" classname="CcwcTest" time="0.028"/>
  <testcase name="countAll_correctCount" classname="CcwcTest" time="0.276"/>
  <testcase name="isValidArgument" classname="CcwcTest" time="0.002"/>
  <testcase name="countWords_correctWordCount" classname="CcwcTest" time="0.034"/>
</testsuite>